{"name": "test_login_positive", "status": "broken", "statusDetails": {"message": "selenium.common.exceptions.NoSuchElementException: Message: no such element: Unable to locate element: {\"method\":\"xpath\",\"selector\":\"//*[@data-qa='lufexuloga']\"}\n  (Session info: chrome=125.0.6422.60); For documentation on this error, please visit: https://www.selenium.dev/documentation/webdriver/troubleshooting/errors#no-such-element-exception\nStacktrace:\n\tGetHandleVerifier [0x00007FF6B49222C2+60002]\n\t(No symbol) [0x00007FF6B489CA59]\n\t(No symbol) [0x00007FF6B4757EDA]\n\t(No symbol) [0x00007FF6B47A76E6]\n\t(No symbol) [0x00007FF6B47A77AC]\n\t(No symbol) [0x00007FF6B47EE9D7]\n\t(No symbol) [0x00007FF6B47CC2CF]\n\t(No symbol) [0x00007FF6B47EBCC7]\n\t(No symbol) [0x00007FF6B47CC033]\n\t(No symbol) [0x00007FF6B4799657]\n\t(No symbol) [0x00007FF6B479A251]\n\tGetHandleVerifier [0x00007FF6B4C33E2D+3278285]\n\tGetHandleVerifier [0x00007FF6B4C80190+3590448]\n\tGetHandleVerifier [0x00007FF6B4C761D0+3549552]\n\tGetHandleVerifier [0x00007FF6B49D1DE6+779654]\n\t(No symbol) [0x00007FF6B48A7ACF]\n\t(No symbol) [0x00007FF6B48A2EE4]\n\t(No symbol) [0x00007FF6B48A3072]\n\t(No symbol) [0x00007FF6B4892C4F]\n\tBaseThreadInitThunk [0x00007FFEFE997C24+20]\n\tRtlUserThreadStart [0x00007FFEFF7AD721+33]", "trace": "setup = <selenium.webdriver.chrome.webdriver.WebDriver (session=\"2338c67090b0caa045b062f9222d9f42\")>\n\n    @pytest.mark.positive\n    def test_login_positive(setup):\n        driver = setup\n        loginpage = LoginPage(driver)\n        loginpage.login_to_vwo(usr=\"cdijxph9f2@ezztt.com\",pwd=\"Wingify@123\")\n    \n        time.sleep(30)\n        dashboapage = DashboardPage(driver)\n        assert driver.current_url == \"https://app.vwo.com/#/dashboard\"\n>       assert \"Py2xATB\" in dashboapage.user_logged_in_text()\n\ntests\\vwoLoginTests\\test_vwo_login.py:37: \n_ _ _ _ _ _ _ _ _ _ _ _ _ _ _ _ _ _ _ _ _ _ _ _ _ _ _ _ _ _ _ _ _ _ _ _ _ _ _ _ _ _ _ _ _ _ _ _ _ _ _ _ _ _ _ _ _ _ _ _ _ _ _ _ _ _ _ _ _ _ _ _ _ _ _ _ _ _ _\ntests\\pageObjects\\dashboardPage.py:26: in user_logged_in_text\n    return self.get_user_logged_in().text\ntests\\pageObjects\\dashboardPage.py:22: in get_user_logged_in\n    return self.driver.find_element(*DashboardPage.user_logged_in)\nvenv\\Lib\\site-packages\\selenium\\webdriver\\remote\\webdriver.py:741: in find_element\n    return self.execute(Command.FIND_ELEMENT, {\"using\": by, \"value\": value})[\"value\"]\nvenv\\Lib\\site-packages\\selenium\\webdriver\\remote\\webdriver.py:347: in execute\n    self.error_handler.check_response(response)\n_ _ _ _ _ _ _ _ _ _ _ _ _ _ _ _ _ _ _ _ _ _ _ _ _ _ _ _ _ _ _ _ _ _ _ _ _ _ _ _ _ _ _ _ _ _ _ _ _ _ _ _ _ _ _ _ _ _ _ _ _ _ _ _ _ _ _ _ _ _ _ _ _ _ _ _ _ _ _\n\nself = <selenium.webdriver.remote.errorhandler.ErrorHandler object at 0x000001ABEA745FA0>\nresponse = {'status': 404, 'value': '{\"value\":{\"error\":\"no such element\",\"message\":\"no such element: Unable to locate element: {\\...07FF6B4892C4F]\\\\n\\\\tBaseThreadInitThunk [0x00007FFEFE997C24+20]\\\\n\\\\tRtlUserThreadStart [0x00007FFEFF7AD721+33]\\\\n\"}}'}\n\n    def check_response(self, response: Dict[str, Any]) -> None:\n        \"\"\"Checks that a JSON response from the WebDriver does not have an\n        error.\n    \n        :Args:\n         - response - The JSON response from the WebDriver server as a dictionary\n           object.\n    \n        :Raises: If the response contains an error message.\n        \"\"\"\n        status = response.get(\"status\", None)\n        if not status or status == ErrorCode.SUCCESS:\n            return\n        value = None\n        message = response.get(\"message\", \"\")\n        screen: str = response.get(\"screen\", \"\")\n        stacktrace = None\n        if isinstance(status, int):\n            value_json = response.get(\"value\", None)\n            if value_json and isinstance(value_json, str):\n                import json\n    \n                try:\n                    value = json.loads(value_json)\n                    if len(value) == 1:\n                        value = value[\"value\"]\n                    status = value.get(\"error\", None)\n                    if not status:\n                        status = value.get(\"status\", ErrorCode.UNKNOWN_ERROR)\n                        message = value.get(\"value\") or value.get(\"message\")\n                        if not isinstance(message, str):\n                            value = message\n                            message = message.get(\"message\")\n                    else:\n                        message = value.get(\"message\", None)\n                except ValueError:\n                    pass\n    \n        exception_class: Type[WebDriverException]\n        e = ErrorCode()\n        error_codes = [item for item in dir(e) if not item.startswith(\"__\")]\n        for error_code in error_codes:\n            error_info = getattr(ErrorCode, error_code)\n            if isinstance(error_info, list) and status in error_info:\n                exception_class = getattr(ExceptionMapping, error_code, WebDriverException)\n                break\n        else:\n            exception_class = WebDriverException\n    \n        if not value:\n            value = response[\"value\"]\n        if isinstance(value, str):\n            raise exception_class(value)\n        if message == \"\" and \"message\" in value:\n            message = value[\"message\"]\n    \n        screen = None  # type: ignore[assignment]\n        if \"screen\" in value:\n            screen = value[\"screen\"]\n    \n        stacktrace = None\n        st_value = value.get(\"stackTrace\") or value.get(\"stacktrace\")\n        if st_value:\n            if isinstance(st_value, str):\n                stacktrace = st_value.split(\"\\n\")\n            else:\n                stacktrace = []\n                try:\n                    for frame in st_value:\n                        line = frame.get(\"lineNumber\", \"\")\n                        file = frame.get(\"fileName\", \"<anonymous>\")\n                        if line:\n                            file = f\"{file}:{line}\"\n                        meth = frame.get(\"methodName\", \"<anonymous>\")\n                        if \"className\" in frame:\n                            meth = f\"{frame['className']}.{meth}\"\n                        msg = \"    at %s (%s)\"\n                        msg = msg % (meth, file)\n                        stacktrace.append(msg)\n                except TypeError:\n                    pass\n        if exception_class == UnexpectedAlertPresentException:\n            alert_text = None\n            if \"data\" in value:\n                alert_text = value[\"data\"].get(\"text\")\n            elif \"alert\" in value:\n                alert_text = value[\"alert\"].get(\"text\")\n            raise exception_class(message, screen, stacktrace, alert_text)  # type: ignore[call-arg]  # mypy is not smart enough here\n>       raise exception_class(message, screen, stacktrace)\nE       selenium.common.exceptions.NoSuchElementException: Message: no such element: Unable to locate element: {\"method\":\"xpath\",\"selector\":\"//*[@data-qa='lufexuloga']\"}\nE         (Session info: chrome=125.0.6422.60); For documentation on this error, please visit: https://www.selenium.dev/documentation/webdriver/troubleshooting/errors#no-such-element-exception\nE       Stacktrace:\nE       \tGetHandleVerifier [0x00007FF6B49222C2+60002]\nE       \t(No symbol) [0x00007FF6B489CA59]\nE       \t(No symbol) [0x00007FF6B4757EDA]\nE       \t(No symbol) [0x00007FF6B47A76E6]\nE       \t(No symbol) [0x00007FF6B47A77AC]\nE       \t(No symbol) [0x00007FF6B47EE9D7]\nE       \t(No symbol) [0x00007FF6B47CC2CF]\nE       \t(No symbol) [0x00007FF6B47EBCC7]\nE       \t(No symbol) [0x00007FF6B47CC033]\nE       \t(No symbol) [0x00007FF6B4799657]\nE       \t(No symbol) [0x00007FF6B479A251]\nE       \tGetHandleVerifier [0x00007FF6B4C33E2D+3278285]\nE       \tGetHandleVerifier [0x00007FF6B4C80190+3590448]\nE       \tGetHandleVerifier [0x00007FF6B4C761D0+3549552]\nE       \tGetHandleVerifier [0x00007FF6B49D1DE6+779654]\nE       \t(No symbol) [0x00007FF6B48A7ACF]\nE       \t(No symbol) [0x00007FF6B48A2EE4]\nE       \t(No symbol) [0x00007FF6B48A3072]\nE       \t(No symbol) [0x00007FF6B4892C4F]\nE       \tBaseThreadInitThunk [0x00007FFEFE997C24+20]\nE       \tRtlUserThreadStart [0x00007FFEFF7AD721+33]\n\nvenv\\Lib\\site-packages\\selenium\\webdriver\\remote\\errorhandler.py:229: NoSuchElementException"}, "start": 1715950059156, "stop": 1715950093594, "uuid": "84b9d01f-36bc-42d5-90a7-befcedc195cc", "historyId": "3fb1f6fbfac875af5dcfd05a9f0994bd", "testCaseId": "3fb1f6fbfac875af5dcfd05a9f0994bd", "fullName": "tests.vwoLoginTests.test_vwo_login#test_login_positive", "labels": [{"name": "tag", "value": "positive"}, {"name": "parentSuite", "value": "tests.vwoLoginTests"}, {"name": "suite", "value": "test_vwo_login"}, {"name": "host", "value": "DESKTOP-K766CG4"}, {"name": "thread", "value": "7520-MainThread"}, {"name": "framework", "value": "pytest"}, {"name": "language", "value": "cpython3"}, {"name": "package", "value": "tests.vwoLoginTests.test_vwo_login"}]}